[2024-03-03 14:32:50] local.ERROR: Command "make:controler" is not defined.

Did you mean one of these?
    make:cast
    make:channel
    make:command
    make:component
    make:controller
    make:event
    make:exception
    make:factory
    make:job
    make:listener
    make:mail
    make:middleware
    make:migration
    make:model
    make:notification
    make:observer
    make:policy
    make:provider
    make:request
    make:resource
    make:rule
    make:scope
    make:seeder
    make:test {"exception":"[object] (Symfony\\Component\\Console\\Exception\\CommandNotFoundException(code: 0): Command \"make:controler\" is not defined.

Did you mean one of these?
    make:cast
    make:channel
    make:command
    make:component
    make:controller
    make:event
    make:exception
    make:factory
    make:job
    make:listener
    make:mail
    make:middleware
    make:migration
    make:model
    make:notification
    make:observer
    make:policy
    make:provider
    make:request
    make:resource
    make:rule
    make:scope
    make:seeder
    make:test at C:\\Users\\pokpu\\Downloads\\Telegram Desktop\\nftmax_bootstrap_5_laravel_admin_templates_2023_11_27_05_33_03_utc\\nftmax_main_files\\dashboard-laravel\\vendor\\symfony\\console\\Application.php:694)
[stacktrace]
#0 C:\\Users\\pokpu\\Downloads\\Telegram Desktop\\nftmax_bootstrap_5_laravel_admin_templates_2023_11_27_05_33_03_utc\\nftmax_main_files\\dashboard-laravel\\vendor\\symfony\\console\\Application.php(259): Symfony\\Component\\Console\\Application->find('make:controler')
#1 C:\\Users\\pokpu\\Downloads\\Telegram Desktop\\nftmax_bootstrap_5_laravel_admin_templates_2023_11_27_05_33_03_utc\\nftmax_main_files\\dashboard-laravel\\vendor\\symfony\\console\\Application.php(171): Symfony\\Component\\Console\\Application->doRun(Object(Symfony\\Component\\Console\\Input\\ArgvInput), Object(Symfony\\Component\\Console\\Output\\ConsoleOutput))
#2 C:\\Users\\pokpu\\Downloads\\Telegram Desktop\\nftmax_bootstrap_5_laravel_admin_templates_2023_11_27_05_33_03_utc\\nftmax_main_files\\dashboard-laravel\\vendor\\laravel\\framework\\src\\Illuminate\\Console\\Application.php(102): Symfony\\Component\\Console\\Application->run(Object(Symfony\\Component\\Console\\Input\\ArgvInput), Object(Symfony\\Component\\Console\\Output\\ConsoleOutput))
#3 C:\\Users\\pokpu\\Downloads\\Telegram Desktop\\nftmax_bootstrap_5_laravel_admin_templates_2023_11_27_05_33_03_utc\\nftmax_main_files\\dashboard-laravel\\vendor\\laravel\\framework\\src\\Illuminate\\Foundation\\Console\\Kernel.php(155): Illuminate\\Console\\Application->run(Object(Symfony\\Component\\Console\\Input\\ArgvInput), Object(Symfony\\Component\\Console\\Output\\ConsoleOutput))
#4 C:\\Users\\pokpu\\Downloads\\Telegram Desktop\\nftmax_bootstrap_5_laravel_admin_templates_2023_11_27_05_33_03_utc\\nftmax_main_files\\dashboard-laravel\\artisan(35): Illuminate\\Foundation\\Console\\Kernel->handle(Object(Symfony\\Component\\Console\\Input\\ArgvInput), Object(Symfony\\Component\\Console\\Output\\ConsoleOutput))
#5 {main}
"} 
